<?xml version="1.0" encoding="UTF-8"?>
<!-- Generated by org.testng.reporters.JUnitXMLReporter -->
<testsuite ignored="0" hostname="LAPTOP-7C2VGFP1" failures="1" tests="2" name="Test2" time="7.904" errors="0" timestamp="2025-03-13T01:29:59 IST">
  <testcase classname="api.tests.FirstAPI_TestCases" name="testPostUser" time="6.768"/>
  <testcase classname="api.tests.FirstAPI_TestCases" name="testGetUser" time="0.0">
    <failure type="org.testng.TestNGException" message="
Method void api.tests.FirstAPI_TestCases.testGetUser() requires a @DataProvider named : data in class org.testng.annotations.DataProvider">
      <![CDATA[org.testng.TestNGException: 
at java.base/java.util.ArrayList.forEach(ArrayList.java:1597)
at java.base/java.util.concurrent.FutureTask.run(FutureTask.java:317)
at java.base/java.util.concurrent.ThreadPoolExecutor.runWorker(ThreadPoolExecutor.java:1144)
at java.base/java.util.concurrent.ThreadPoolExecutor$Worker.run(ThreadPoolExecutor.java:642)
at java.base/java.lang.Thread.run(Thread.java:1575)
... Removed 15 stack frames]]>
    </failure>
  </testcase> <!-- testGetUser -->
</testsuite> <!-- Test2 -->
