<?xml version="1.0" encoding="UTF-8"?>
<!-- Generated by org.testng.reporters.JUnitXMLReporter -->
<testsuite ignored="0" hostname="LAPTOP-7C2VGFP1" failures="1" tests="3" name="Test" time="9.898" errors="0" timestamp="2025-03-13T01:00:14 IST">
  <testcase classname="api.tests.OtherTests" name="testPostUser" time="5.899"/>
  <testcase classname="api.tests.FirstAPI_TestCases" name="testPostUser" time="3.697"/>
  <testcase classname="api.tests.FirstAPI_TestCases" name="testGetUser" time="0.0">
    <failure type="org.testng.TestNGException" message="
Method void api.tests.FirstAPI_TestCases.testGetUser() requires a @DataProvider named : data in class org.testng.annotations.DataProvider">
      <![CDATA[org.testng.TestNGException: 
at java.base/java.util.ArrayList.forEach(ArrayList.java:1597)
... Removed 25 stack frames]]>
    </failure>
  </testcase> <!-- testGetUser -->
</testsuite> <!-- Test -->
