<?xml version="1.0" encoding="UTF-8"?>
<testng-results ignored="0" total="2" passed="2" failed="0" skipped="0">
  <reporter-output>
  </reporter-output>
  <suite started-at="2025-03-13T11:11:24 IST" name="Suite" finished-at="2025-03-13T11:11:29 IST" duration-ms="4816">
    <groups>
    </groups>
    <test started-at="2025-03-13T11:11:24 IST" name="Test2" finished-at="2025-03-13T11:11:28 IST" duration-ms="3903">
      <class name="api.tests.FirstAPI_TestCases">
        <test-method is-config="true" signature="setUpData()[pri:0, instance:api.tests.FirstAPI_TestCases@1573f9fc]" started-at="2025-03-13T11:11:24 IST" name="setUpData" finished-at="2025-03-13T11:11:25 IST" duration-ms="894" status="PASS">
          <reporter-output>
          </reporter-output>
        </test-method> <!-- setUpData -->
        <test-method signature="testPostUser()[pri:1, instance:api.tests.FirstAPI_TestCases@1573f9fc]" started-at="2025-03-13T11:11:25 IST" name="testPostUser" finished-at="2025-03-13T11:11:28 IST" duration-ms="2974" status="PASS">
          <reporter-output>
          </reporter-output>
        </test-method> <!-- testPostUser -->
      </class> <!-- api.tests.FirstAPI_TestCases -->
    </test> <!-- Test2 -->
    <test started-at="2025-03-13T11:11:24 IST" name="Test1" finished-at="2025-03-13T11:11:29 IST" duration-ms="4815">
      <class name="api.tests.OtherTests">
        <test-method is-config="true" signature="setUpData()[pri:0, instance:api.tests.OtherTests@34123d65]" started-at="2025-03-13T11:11:24 IST" name="setUpData" finished-at="2025-03-13T11:11:24 IST" duration-ms="211" status="PASS">
          <reporter-output>
          </reporter-output>
        </test-method> <!-- setUpData -->
        <test-method signature="testPostUser()[pri:1, instance:api.tests.OtherTests@34123d65]" started-at="2025-03-13T11:11:24 IST" name="testPostUser" finished-at="2025-03-13T11:11:29 IST" duration-ms="4561" status="PASS">
          <reporter-output>
          </reporter-output>
        </test-method> <!-- testPostUser -->
      </class> <!-- api.tests.OtherTests -->
    </test> <!-- Test1 -->
  </suite> <!-- Suite -->
</testng-results>
