<?xml version="1.0" encoding="UTF-8"?>
<testng-results ignored="0" total="3" passed="2" failed="1" skipped="0">
  <reporter-output>
  </reporter-output>
  <suite started-at="2025-03-13T01:29:52 IST" name="Suite" finished-at="2025-03-13T01:29:59 IST" duration-ms="7904">
    <groups>
    </groups>
    <test started-at="2025-03-13T01:29:52 IST" name="Test1" finished-at="2025-03-13T01:29:59 IST" duration-ms="7895">
      <class name="api.tests.OtherTests">
        <test-method is-config="true" signature="setUpData()[pri:0, instance:api.tests.OtherTests@66d18979]" started-at="2025-03-13T01:29:52 IST" name="setUpData" finished-at="2025-03-13T01:29:52 IST" duration-ms="237" status="PASS">
          <reporter-output>
          </reporter-output>
        </test-method> <!-- setUpData -->
        <test-method signature="testPostUser()[pri:1, instance:api.tests.OtherTests@66d18979]" started-at="2025-03-13T01:29:52 IST" name="testPostUser" finished-at="2025-03-13T01:29:59 IST" duration-ms="7599" status="PASS">
          <reporter-output>
          </reporter-output>
        </test-method> <!-- testPostUser -->
      </class> <!-- api.tests.OtherTests -->
    </test> <!-- Test1 -->
    <test started-at="2025-03-13T01:29:52 IST" name="Test2" finished-at="2025-03-13T01:29:59 IST" duration-ms="7904">
      <class name="api.tests.FirstAPI_TestCases">
        <test-method is-config="true" signature="setUpData()[pri:0, instance:api.tests.FirstAPI_TestCases@7a675056]" started-at="2025-03-13T01:29:52 IST" name="setUpData" finished-at="2025-03-13T01:29:53 IST" duration-ms="1081" status="PASS">
          <reporter-output>
          </reporter-output>
        </test-method> <!-- setUpData -->
        <test-method signature="testPostUser()[pri:1, instance:api.tests.FirstAPI_TestCases@7a675056]" started-at="2025-03-13T01:29:53 IST" name="testPostUser" finished-at="2025-03-13T01:29:59 IST" duration-ms="6768" status="PASS">
          <reporter-output>
          </reporter-output>
        </test-method> <!-- testPostUser -->
        <test-method signature="testGetUser()[pri:2, instance:api.tests.FirstAPI_TestCases@7a675056]" started-at="2025-03-13T01:29:59 IST" name="testGetUser" finished-at="2025-03-13T01:29:59 IST" duration-ms="0" status="FAIL">
          <exception class="org.testng.TestNGException">
            <message>
              <![CDATA[
Method void api.tests.FirstAPI_TestCases.testGetUser() requires a @DataProvider named : data in class org.testng.annotations.DataProvider]]>
            </message>
            <full-stacktrace>
              <![CDATA[org.testng.TestNGException: 
Method void api.tests.FirstAPI_TestCases.testGetUser() requires a @DataProvider named : data in class org.testng.annotations.DataProvider
at org.testng.internal.Parameters.findDataProvider(Parameters.java:532)
at org.testng.internal.Parameters.handleParameters(Parameters.java:769)
at org.testng.internal.Parameters.handleParameters(Parameters.java:734)
at org.testng.internal.invokers.ParameterHandler.handleParameters(ParameterHandler.java:72)
at org.testng.internal.invokers.ParameterHandler.createParameters(ParameterHandler.java:51)
at org.testng.internal.invokers.TestInvoker$MethodInvocationAgent.invoke(TestInvoker.java:949)
at org.testng.internal.invokers.TestInvoker.invokeTestMethods(TestInvoker.java:203)
at org.testng.internal.invokers.TestMethodWorker.invokeTestMethods(TestMethodWorker.java:154)
at org.testng.internal.invokers.TestMethodWorker.run(TestMethodWorker.java:134)
at java.base/java.util.ArrayList.forEach(ArrayList.java:1597)
at org.testng.TestRunner.privateRun(TestRunner.java:741)
at org.testng.TestRunner.run(TestRunner.java:616)
at org.testng.SuiteRunner.runTest(SuiteRunner.java:421)
at org.testng.SuiteRunner$SuiteWorker.run(SuiteRunner.java:463)
at org.testng.internal.thread.ThreadUtil.lambda$execute$0(ThreadUtil.java:64)
at java.base/java.util.concurrent.FutureTask.run(FutureTask.java:317)
at java.base/java.util.concurrent.ThreadPoolExecutor.runWorker(ThreadPoolExecutor.java:1144)
at java.base/java.util.concurrent.ThreadPoolExecutor$Worker.run(ThreadPoolExecutor.java:642)
at java.base/java.lang.Thread.run(Thread.java:1575)
]]>
            </full-stacktrace>
          </exception> <!-- org.testng.TestNGException -->
          <reporter-output>
          </reporter-output>
        </test-method> <!-- testGetUser -->
      </class> <!-- api.tests.FirstAPI_TestCases -->
    </test> <!-- Test2 -->
  </suite> <!-- Suite -->
</testng-results>
